2020-04-17 14:12:50.414 [background-preinit] INFO  o.h.validator.internal.util.Version -HV000001: Hibernate Validator 5.3.4.Final
2020-04-17 14:12:50.516 [main] INFO  o.s.c.a.AnnotationConfigApplicationContext -Refreshing org.springframework.context.annotation.AnnotationConfigApplicationContext@7a428df1: startup date [Fri Apr 17 14:12:50 CST 2020]; root of context hierarchy
2020-04-17 14:12:51.323 [main] INFO  o.s.b.f.a.AutowiredAnnotationBeanPostProcessor -JSR-330 'javax.inject.Inject' annotation found and supported for autowiring
2020-04-17 14:12:51.413 [main] INFO  o.s.c.s.PostProcessorRegistrationDelegate$BeanPostProcessorChecker -Bean 'configurationPropertiesRebinderAutoConfiguration' of type [org.springframework.cloud.autoconfigure.ConfigurationPropertiesRebinderAutoConfiguration$$EnhancerBySpringCGLIB$$26ec35c] is not eligible for getting processed by all BeanPostProcessors (for example: not eligible for auto-proxying)
2020-04-17 14:12:53.487 [main] INFO  com.irving.EurekaServer -No active profile set, falling back to default profiles: default
2020-04-17 14:12:53.550 [main] INFO  o.s.b.c.e.AnnotationConfigEmbeddedWebApplicationContext -Refreshing org.springframework.boot.context.embedded.AnnotationConfigEmbeddedWebApplicationContext@75877f4a: startup date [Fri Apr 17 14:12:53 CST 2020]; parent: org.springframework.context.annotation.AnnotationConfigApplicationContext@7a428df1
2020-04-17 14:12:55.795 [main] INFO  o.s.cloud.context.scope.GenericScope -BeanFactory id=1e683dc0-0069-36b2-9921-18a155ebd659
2020-04-17 14:12:55.831 [main] INFO  o.s.b.f.a.AutowiredAnnotationBeanPostProcessor -JSR-330 'javax.inject.Inject' annotation found and supported for autowiring
2020-04-17 14:12:56.056 [main] INFO  o.s.c.s.PostProcessorRegistrationDelegate$BeanPostProcessorChecker -Bean 'org.springframework.cloud.autoconfigure.ConfigurationPropertiesRebinderAutoConfiguration' of type [org.springframework.cloud.autoconfigure.ConfigurationPropertiesRebinderAutoConfiguration$$EnhancerBySpringCGLIB$$26ec35c] is not eligible for getting processed by all BeanPostProcessors (for example: not eligible for auto-proxying)
2020-04-17 14:12:56.776 [main] INFO  o.s.b.c.e.t.TomcatEmbeddedServletContainer -Tomcat initialized with port(s): 7070 (http)
2020-04-17 14:12:56.809 [main] INFO  o.a.catalina.core.StandardService -Starting service Tomcat
2020-04-17 14:12:56.810 [main] INFO  o.a.catalina.core.StandardEngine -Starting Servlet Engine: Apache Tomcat/8.5.11
2020-04-17 14:12:57.148 [localhost-startStop-1] INFO  o.a.c.c.C.[Tomcat].[localhost].[/] -Initializing Spring embedded WebApplicationContext
2020-04-17 14:12:57.149 [localhost-startStop-1] INFO  o.s.web.context.ContextLoader -Root WebApplicationContext: initialization completed in 3599 ms
2020-04-17 14:12:58.350 [localhost-startStop-1] INFO  o.s.b.w.s.FilterRegistrationBean -Mapping filter: 'metricsFilter' to: [/*]
2020-04-17 14:12:58.352 [localhost-startStop-1] INFO  o.s.b.w.s.FilterRegistrationBean -Mapping filter: 'characterEncodingFilter' to: [/*]
2020-04-17 14:12:58.355 [localhost-startStop-1] INFO  o.s.b.w.s.FilterRegistrationBean -Mapping filter: 'hiddenHttpMethodFilter' to: [/*]
2020-04-17 14:12:58.355 [localhost-startStop-1] INFO  o.s.b.w.s.FilterRegistrationBean -Mapping filter: 'httpPutFormContentFilter' to: [/*]
2020-04-17 14:12:58.357 [localhost-startStop-1] INFO  o.s.b.w.s.FilterRegistrationBean -Mapping filter: 'requestContextFilter' to: [/*]
2020-04-17 14:12:58.357 [localhost-startStop-1] INFO  o.s.b.w.s.FilterRegistrationBean -Mapping filter: 'webRequestTraceFilter' to: [/*]
2020-04-17 14:12:58.360 [localhost-startStop-1] INFO  o.s.b.w.s.FilterRegistrationBean -Mapping filter: 'servletContainer' to urls: [/eureka/*]
2020-04-17 14:12:58.360 [localhost-startStop-1] INFO  o.s.b.w.s.FilterRegistrationBean -Mapping filter: 'applicationContextIdFilter' to: [/*]
2020-04-17 14:12:58.360 [localhost-startStop-1] INFO  o.s.b.w.s.ServletRegistrationBean -Mapping servlet: 'dispatcherServlet' to [/]
2020-04-17 14:12:58.735 [localhost-startStop-1] INFO  c.s.j.s.i.a.WebApplicationImpl -Initiating Jersey application, version 'Jersey: 1.19.1 03/11/2016 02:08 PM'
2020-04-17 14:12:59.041 [localhost-startStop-1] INFO  c.n.d.p.DiscoveryJerseyProvider -Using JSON encoding codec LegacyJacksonJson
2020-04-17 14:12:59.041 [localhost-startStop-1] INFO  c.n.d.p.DiscoveryJerseyProvider -Using JSON decoding codec LegacyJacksonJson
2020-04-17 14:12:59.671 [localhost-startStop-1] INFO  c.n.d.p.DiscoveryJerseyProvider -Using XML encoding codec XStreamXml
2020-04-17 14:12:59.673 [localhost-startStop-1] INFO  c.n.d.p.DiscoveryJerseyProvider -Using XML decoding codec XStreamXml
2020-04-17 14:13:02.458 [main] INFO  o.s.cloud.commons.util.InetUtils -Cannot determine local hostname
2020-04-17 14:13:02.506 [main] INFO  o.s.c.n.eureka.InstanceInfoFactory -Setting initial instance status as: STARTING
2020-04-17 14:13:02.642 [main] INFO  c.netflix.discovery.DiscoveryClient -Client configured to neither register nor query for data.
2020-04-17 14:13:02.660 [main] INFO  c.netflix.discovery.DiscoveryClient -Discovery Client initialized at timestamp 1587103982659 with initial instances count: 0
2020-04-17 14:13:02.812 [main] INFO  c.n.e.DefaultEurekaServerContext -Initializing ...
2020-04-17 14:13:02.815 [main] WARN  c.n.eureka.cluster.PeerEurekaNodes -The replica size seems to be empty. Check the route 53 DNS Registry
2020-04-17 14:13:02.840 [main] INFO  c.n.e.r.AbstractInstanceRegistry -Finished initializing remote region registries. All known remote regions: []
2020-04-17 14:13:02.841 [main] INFO  c.n.e.DefaultEurekaServerContext -Initialized
2020-04-17 14:13:03.458 [main] INFO  o.s.w.s.m.m.a.RequestMappingHandlerAdapter -Looking for @ControllerAdvice: org.springframework.boot.context.embedded.AnnotationConfigEmbeddedWebApplicationContext@75877f4a: startup date [Fri Apr 17 14:12:53 CST 2020]; parent: org.springframework.context.annotation.AnnotationConfigApplicationContext@7a428df1
2020-04-17 14:13:03.673 [main] INFO  o.s.w.s.m.m.a.RequestMappingHandlerMapping -Mapped "{[/],methods=[GET]}" onto public java.lang.String org.springframework.cloud.netflix.eureka.server.EurekaController.status(javax.servlet.http.HttpServletRequest,java.util.Map<java.lang.String, java.lang.Object>)
2020-04-17 14:13:03.677 [main] INFO  o.s.w.s.m.m.a.RequestMappingHandlerMapping -Mapped "{[/lastn],methods=[GET]}" onto public java.lang.String org.springframework.cloud.netflix.eureka.server.EurekaController.lastn(javax.servlet.http.HttpServletRequest,java.util.Map<java.lang.String, java.lang.Object>)
2020-04-17 14:13:03.683 [main] INFO  o.s.w.s.m.m.a.RequestMappingHandlerMapping -Mapped "{[/error]}" onto public org.springframework.http.ResponseEntity<java.util.Map<java.lang.String, java.lang.Object>> org.springframework.boot.autoconfigure.web.BasicErrorController.error(javax.servlet.http.HttpServletRequest)
2020-04-17 14:13:03.686 [main] INFO  o.s.w.s.m.m.a.RequestMappingHandlerMapping -Mapped "{[/error],produces=[text/html]}" onto public org.springframework.web.servlet.ModelAndView org.springframework.boot.autoconfigure.web.BasicErrorController.errorHtml(javax.servlet.http.HttpServletRequest,javax.servlet.http.HttpServletResponse)
2020-04-17 14:13:03.742 [main] INFO  o.s.w.s.h.SimpleUrlHandlerMapping -Mapped URL path [/webjars/**] onto handler of type [class org.springframework.web.servlet.resource.ResourceHttpRequestHandler]
2020-04-17 14:13:03.742 [main] INFO  o.s.w.s.h.SimpleUrlHandlerMapping -Mapped URL path [/**] onto handler of type [class org.springframework.web.servlet.resource.ResourceHttpRequestHandler]
2020-04-17 14:13:03.809 [main] INFO  o.s.w.s.h.SimpleUrlHandlerMapping -Mapped URL path [/**/favicon.ico] onto handler of type [class org.springframework.web.servlet.resource.ResourceHttpRequestHandler]
2020-04-17 14:13:04.707 [main] INFO  o.s.b.a.e.mvc.EndpointHandlerMapping -Mapped "{[/health || /health.json],methods=[GET],produces=[application/vnd.spring-boot.actuator.v1+json || application/json]}" onto public java.lang.Object org.springframework.boot.actuate.endpoint.mvc.HealthMvcEndpoint.invoke(javax.servlet.http.HttpServletRequest,java.security.Principal)
2020-04-17 14:13:04.710 [main] INFO  o.s.b.a.e.mvc.EndpointHandlerMapping -Mapped "{[/metrics/{name:.*}],methods=[GET],produces=[application/vnd.spring-boot.actuator.v1+json || application/json]}" onto public java.lang.Object org.springframework.boot.actuate.endpoint.mvc.MetricsMvcEndpoint.value(java.lang.String)
2020-04-17 14:13:04.712 [main] INFO  o.s.b.a.e.mvc.EndpointHandlerMapping -Mapped "{[/metrics || /metrics.json],methods=[GET],produces=[application/vnd.spring-boot.actuator.v1+json || application/json]}" onto public java.lang.Object org.springframework.boot.actuate.endpoint.mvc.EndpointMvcAdapter.invoke()
2020-04-17 14:13:04.714 [main] INFO  o.s.b.a.e.mvc.EndpointHandlerMapping -Mapped "{[/auditevents || /auditevents.json],methods=[GET],produces=[application/vnd.spring-boot.actuator.v1+json || application/json]}" onto public org.springframework.http.ResponseEntity<?> org.springframework.boot.actuate.endpoint.mvc.AuditEventsMvcEndpoint.findByPrincipalAndAfterAndType(java.lang.String,java.util.Date,java.lang.String)
2020-04-17 14:13:04.717 [main] INFO  o.s.b.a.e.mvc.EndpointHandlerMapping -Mapped "{[/resume || /resume.json],methods=[POST]}" onto public java.lang.Object org.springframework.cloud.endpoint.GenericPostableMvcEndpoint.invoke()
2020-04-17 14:13:04.718 [main] INFO  o.s.b.a.e.mvc.EndpointHandlerMapping -Mapped "{[/beans || /beans.json],methods=[GET],produces=[application/vnd.spring-boot.actuator.v1+json || application/json]}" onto public java.lang.Object org.springframework.boot.actuate.endpoint.mvc.EndpointMvcAdapter.invoke()
2020-04-17 14:13:04.718 [main] INFO  o.s.b.a.e.mvc.EndpointHandlerMapping -Mapped "{[/refresh || /refresh.json],methods=[POST]}" onto public java.lang.Object org.springframework.cloud.endpoint.GenericPostableMvcEndpoint.invoke()
2020-04-17 14:13:04.719 [main] INFO  o.s.b.a.e.mvc.EndpointHandlerMapping -Mapped "{[/pause || /pause.json],methods=[POST]}" onto public java.lang.Object org.springframework.cloud.endpoint.GenericPostableMvcEndpoint.invoke()
2020-04-17 14:13:04.722 [main] INFO  o.s.b.a.e.mvc.EndpointHandlerMapping -Mapped "{[/info || /info.json],methods=[GET],produces=[application/vnd.spring-boot.actuator.v1+json || application/json]}" onto public java.lang.Object org.springframework.boot.actuate.endpoint.mvc.EndpointMvcAdapter.invoke()
2020-04-17 14:13:04.722 [main] INFO  o.s.b.a.e.mvc.EndpointHandlerMapping -Mapped "{[/dump || /dump.json],methods=[GET],produces=[application/vnd.spring-boot.actuator.v1+json || application/json]}" onto public java.lang.Object org.springframework.boot.actuate.endpoint.mvc.EndpointMvcAdapter.invoke()
2020-04-17 14:13:04.725 [main] INFO  o.s.b.a.e.mvc.EndpointHandlerMapping -Mapped "{[/autoconfig || /autoconfig.json],methods=[GET],produces=[application/vnd.spring-boot.actuator.v1+json || application/json]}" onto public java.lang.Object org.springframework.boot.actuate.endpoint.mvc.EndpointMvcAdapter.invoke()
2020-04-17 14:13:04.727 [main] INFO  o.s.b.a.e.mvc.EndpointHandlerMapping -Mapped "{[/loggers/{name:.*}],methods=[GET],produces=[application/vnd.spring-boot.actuator.v1+json || application/json]}" onto public java.lang.Object org.springframework.boot.actuate.endpoint.mvc.LoggersMvcEndpoint.get(java.lang.String)
2020-04-17 14:13:04.728 [main] INFO  o.s.b.a.e.mvc.EndpointHandlerMapping -Mapped "{[/loggers/{name:.*}],methods=[POST],consumes=[application/vnd.spring-boot.actuator.v1+json || application/json],produces=[application/vnd.spring-boot.actuator.v1+json || application/json]}" onto public java.lang.Object org.springframework.boot.actuate.endpoint.mvc.LoggersMvcEndpoint.set(java.lang.String,java.util.Map<java.lang.String, java.lang.String>)
2020-04-17 14:13:04.728 [main] INFO  o.s.b.a.e.mvc.EndpointHandlerMapping -Mapped "{[/loggers || /loggers.json],methods=[GET],produces=[application/vnd.spring-boot.actuator.v1+json || application/json]}" onto public java.lang.Object org.springframework.boot.actuate.endpoint.mvc.EndpointMvcAdapter.invoke()
2020-04-17 14:13:04.728 [main] INFO  o.s.b.a.e.mvc.EndpointHandlerMapping -Mapped "{[/archaius || /archaius.json],methods=[GET],produces=[application/vnd.spring-boot.actuator.v1+json || application/json]}" onto public java.lang.Object org.springframework.boot.actuate.endpoint.mvc.EndpointMvcAdapter.invoke()
2020-04-17 14:13:04.729 [main] INFO  o.s.b.a.e.mvc.EndpointHandlerMapping -Mapped "{[/features || /features.json],methods=[GET],produces=[application/vnd.spring-boot.actuator.v1+json || application/json]}" onto public java.lang.Object org.springframework.boot.actuate.endpoint.mvc.EndpointMvcAdapter.invoke()
2020-04-17 14:13:04.732 [main] INFO  o.s.b.a.e.mvc.EndpointHandlerMapping -Mapped "{[/env],methods=[POST]}" onto public java.lang.Object org.springframework.cloud.context.environment.EnvironmentManagerMvcEndpoint.value(java.util.Map<java.lang.String, java.lang.String>)
2020-04-17 14:13:04.732 [main] INFO  o.s.b.a.e.mvc.EndpointHandlerMapping -Mapped "{[/env/reset],methods=[POST]}" onto public java.util.Map<java.lang.String, java.lang.Object> org.springframework.cloud.context.environment.EnvironmentManagerMvcEndpoint.reset()
2020-04-17 14:13:04.735 [main] INFO  o.s.b.a.e.mvc.EndpointHandlerMapping -Mapped "{[/heapdump || /heapdump.json],methods=[GET],produces=[application/octet-stream]}" onto public void org.springframework.boot.actuate.endpoint.mvc.HeapdumpMvcEndpoint.invoke(boolean,javax.servlet.http.HttpServletRequest,javax.servlet.http.HttpServletResponse) throws java.io.IOException,javax.servlet.ServletException
2020-04-17 14:13:04.735 [main] INFO  o.s.b.a.e.mvc.EndpointHandlerMapping -Mapped "{[/mappings || /mappings.json],methods=[GET],produces=[application/vnd.spring-boot.actuator.v1+json || application/json]}" onto public java.lang.Object org.springframework.boot.actuate.endpoint.mvc.EndpointMvcAdapter.invoke()
2020-04-17 14:13:04.736 [main] INFO  o.s.b.a.e.mvc.EndpointHandlerMapping -Mapped "{[/trace || /trace.json],methods=[GET],produces=[application/vnd.spring-boot.actuator.v1+json || application/json]}" onto public java.lang.Object org.springframework.boot.actuate.endpoint.mvc.EndpointMvcAdapter.invoke()
2020-04-17 14:13:04.737 [main] INFO  o.s.b.a.e.mvc.EndpointHandlerMapping -Mapped "{[/env/{name:.*}],methods=[GET],produces=[application/vnd.spring-boot.actuator.v1+json || application/json]}" onto public java.lang.Object org.springframework.boot.actuate.endpoint.mvc.EnvironmentMvcEndpoint.value(java.lang.String)
2020-04-17 14:13:04.737 [main] INFO  o.s.b.a.e.mvc.EndpointHandlerMapping -Mapped "{[/env || /env.json],methods=[GET],produces=[application/vnd.spring-boot.actuator.v1+json || application/json]}" onto public java.lang.Object org.springframework.boot.actuate.endpoint.mvc.EndpointMvcAdapter.invoke()
2020-04-17 14:13:04.737 [main] INFO  o.s.b.a.e.mvc.EndpointHandlerMapping -Mapped "{[/restart || /restart.json],methods=[POST]}" onto public java.lang.Object org.springframework.cloud.context.restart.RestartMvcEndpoint.invoke()
2020-04-17 14:13:04.740 [main] INFO  o.s.b.a.e.mvc.EndpointHandlerMapping -Mapped "{[/configprops || /configprops.json],methods=[GET],produces=[application/vnd.spring-boot.actuator.v1+json || application/json]}" onto public java.lang.Object org.springframework.boot.actuate.endpoint.mvc.EndpointMvcAdapter.invoke()
2020-04-17 14:13:05.078 [main] INFO  o.s.u.f.SpringTemplateLoader -SpringTemplateLoader for FreeMarker: using resource loader [org.springframework.boot.context.embedded.AnnotationConfigEmbeddedWebApplicationContext@75877f4a: startup date [Fri Apr 17 14:12:53 CST 2020]; parent: org.springframework.context.annotation.AnnotationConfigApplicationContext@7a428df1] and template loader path [classpath:/templates/]
2020-04-17 14:13:05.082 [main] INFO  o.s.w.s.v.f.FreeMarkerConfigurer -ClassTemplateLoader for Spring macros added to FreeMarker configuration
2020-04-17 14:13:05.339 [main] WARN  c.n.c.sources.URLConfigurationSource -No URLs will be polled as dynamic configuration sources.
2020-04-17 14:13:05.339 [main] INFO  c.n.c.sources.URLConfigurationSource -To enable URLs as dynamic configuration sources, define System property archaius.configurationSource.additionalUrls or make config.properties available on classpath.
2020-04-17 14:13:05.356 [main] WARN  c.n.c.sources.URLConfigurationSource -No URLs will be polled as dynamic configuration sources.
2020-04-17 14:13:05.356 [main] INFO  c.n.c.sources.URLConfigurationSource -To enable URLs as dynamic configuration sources, define System property archaius.configurationSource.additionalUrls or make config.properties available on classpath.
2020-04-17 14:13:05.802 [main] INFO  o.s.j.e.a.AnnotationMBeanExporter -Registering beans for JMX exposure on startup
2020-04-17 14:13:05.825 [main] INFO  o.s.j.e.a.AnnotationMBeanExporter -Bean with name 'refreshScope' has been autodetected for JMX exposure
2020-04-17 14:13:05.826 [main] INFO  o.s.j.e.a.AnnotationMBeanExporter -Bean with name 'environmentManager' has been autodetected for JMX exposure
2020-04-17 14:13:05.831 [main] INFO  o.s.j.e.a.AnnotationMBeanExporter -Bean with name 'configurationPropertiesRebinder' has been autodetected for JMX exposure
2020-04-17 14:13:05.832 [main] INFO  o.s.j.e.a.AnnotationMBeanExporter -Bean with name 'refreshEndpoint' has been autodetected for JMX exposure
2020-04-17 14:13:05.832 [main] INFO  o.s.j.e.a.AnnotationMBeanExporter -Bean with name 'restartEndpoint' has been autodetected for JMX exposure
2020-04-17 14:13:05.837 [main] INFO  o.s.j.e.a.AnnotationMBeanExporter -Located managed bean 'environmentManager': registering with JMX server as MBean [org.springframework.cloud.context.environment:name=environmentManager,type=EnvironmentManager]
2020-04-17 14:13:05.889 [main] INFO  o.s.j.e.a.AnnotationMBeanExporter -Located managed bean 'restartEndpoint': registering with JMX server as MBean [org.springframework.cloud.context.restart:name=restartEndpoint,type=RestartEndpoint]
2020-04-17 14:13:05.906 [main] INFO  o.s.j.e.a.AnnotationMBeanExporter -Located managed bean 'refreshScope': registering with JMX server as MBean [org.springframework.cloud.context.scope.refresh:name=refreshScope,type=RefreshScope]
2020-04-17 14:13:05.928 [main] INFO  o.s.j.e.a.AnnotationMBeanExporter -Located managed bean 'configurationPropertiesRebinder': registering with JMX server as MBean [org.springframework.cloud.context.properties:name=configurationPropertiesRebinder,context=75877f4a,type=ConfigurationPropertiesRebinder]
2020-04-17 14:13:05.937 [main] INFO  o.s.j.e.a.AnnotationMBeanExporter -Located managed bean 'refreshEndpoint': registering with JMX server as MBean [org.springframework.cloud.endpoint:name=refreshEndpoint,type=RefreshEndpoint]
2020-04-17 14:13:05.938 [main] INFO  o.s.b.a.e.jmx.EndpointMBeanExporter -Registering beans for JMX exposure on startup
2020-04-17 14:13:06.240 [main] INFO  o.s.c.s.DefaultLifecycleProcessor -Starting beans in phase 0
2020-04-17 14:13:06.242 [main] INFO  o.s.c.n.e.EurekaDiscoveryClientConfiguration -Registering application eureka-server with eureka with status UP
2020-04-17 14:13:06.242 [Thread-64] INFO  o.s.c.n.e.s.EurekaServerBootstrap -Setting the eureka configuration..
2020-04-17 14:13:06.242 [Thread-64] INFO  o.s.c.n.e.s.EurekaServerBootstrap -Eureka data center value eureka.datacenter is not set, defaulting to default
2020-04-17 14:13:06.243 [Thread-64] INFO  o.s.c.n.e.s.EurekaServerBootstrap -Eureka environment value eureka.environment is not set, defaulting to test
2020-04-17 14:13:06.246 [main] INFO  o.s.b.a.e.jmx.EndpointMBeanExporter -Located managed bean 'auditEventsEndpoint': registering with JMX server as MBean [org.springframework.boot:type=Endpoint,name=auditEventsEndpoint]
2020-04-17 14:13:06.298 [main] INFO  o.s.b.a.e.jmx.EndpointMBeanExporter -Located managed bean 'featuresEndpoint': registering with JMX server as MBean [org.springframework.boot:type=Endpoint,name=featuresEndpoint]
2020-04-17 14:13:06.313 [Thread-64] INFO  o.s.c.n.e.s.EurekaServerBootstrap -isAws returned false
2020-04-17 14:13:06.315 [Thread-64] INFO  o.s.c.n.e.s.EurekaServerBootstrap -Initialized server context
2020-04-17 14:13:06.315 [Thread-64] INFO  c.n.e.r.PeerAwareInstanceRegistryImpl -Got 1 instances from neighboring DS node
2020-04-17 14:13:06.315 [Thread-64] INFO  c.n.e.r.PeerAwareInstanceRegistryImpl -Renew threshold is: 1
2020-04-17 14:13:06.315 [main] INFO  o.s.b.a.e.jmx.EndpointMBeanExporter -Located managed bean 'requestMappingEndpoint': registering with JMX server as MBean [org.springframework.boot:type=Endpoint,name=requestMappingEndpoint]
2020-04-17 14:13:06.315 [Thread-64] INFO  c.n.e.r.PeerAwareInstanceRegistryImpl -Changing status to UP
2020-04-17 14:13:06.318 [main] INFO  o.s.b.a.e.jmx.EndpointMBeanExporter -Located managed bean 'environmentEndpoint': registering with JMX server as MBean [org.springframework.boot:type=Endpoint,name=environmentEndpoint]
2020-04-17 14:13:06.321 [main] INFO  o.s.b.a.e.jmx.EndpointMBeanExporter -Located managed bean 'healthEndpoint': registering with JMX server as MBean [org.springframework.boot:type=Endpoint,name=healthEndpoint]
2020-04-17 14:13:06.324 [main] INFO  o.s.b.a.e.jmx.EndpointMBeanExporter -Located managed bean 'beansEndpoint': registering with JMX server as MBean [org.springframework.boot:type=Endpoint,name=beansEndpoint]
2020-04-17 14:13:06.327 [main] INFO  o.s.b.a.e.jmx.EndpointMBeanExporter -Located managed bean 'infoEndpoint': registering with JMX server as MBean [org.springframework.boot:type=Endpoint,name=infoEndpoint]
2020-04-17 14:13:06.327 [Thread-64] INFO  o.s.c.n.e.s.EurekaServerInitializerConfiguration -Started Eureka Server
2020-04-17 14:13:06.331 [main] INFO  o.s.b.a.e.jmx.EndpointMBeanExporter -Located managed bean 'loggersEndpoint': registering with JMX server as MBean [org.springframework.boot:type=Endpoint,name=loggersEndpoint]
2020-04-17 14:13:06.338 [main] INFO  o.s.b.a.e.jmx.EndpointMBeanExporter -Located managed bean 'metricsEndpoint': registering with JMX server as MBean [org.springframework.boot:type=Endpoint,name=metricsEndpoint]
2020-04-17 14:13:06.340 [main] INFO  o.s.b.a.e.jmx.EndpointMBeanExporter -Located managed bean 'traceEndpoint': registering with JMX server as MBean [org.springframework.boot:type=Endpoint,name=traceEndpoint]
2020-04-17 14:13:06.344 [main] INFO  o.s.b.a.e.jmx.EndpointMBeanExporter -Located managed bean 'dumpEndpoint': registering with JMX server as MBean [org.springframework.boot:type=Endpoint,name=dumpEndpoint]
2020-04-17 14:13:06.348 [main] INFO  o.s.b.a.e.jmx.EndpointMBeanExporter -Located managed bean 'autoConfigurationReportEndpoint': registering with JMX server as MBean [org.springframework.boot:type=Endpoint,name=autoConfigurationReportEndpoint]
2020-04-17 14:13:06.351 [main] INFO  o.s.b.a.e.jmx.EndpointMBeanExporter -Located managed bean 'configurationPropertiesReportEndpoint': registering with JMX server as MBean [org.springframework.boot:type=Endpoint,name=configurationPropertiesReportEndpoint]
2020-04-17 14:13:06.355 [main] INFO  o.s.b.a.e.jmx.EndpointMBeanExporter -Located managed bean 'archaiusEndpoint': registering with JMX server as MBean [org.springframework.boot:type=Endpoint,name=archaiusEndpoint]
2020-04-17 14:13:06.416 [main] INFO  o.a.coyote.http11.Http11NioProtocol -Initializing ProtocolHandler ["http-nio-7070"]
2020-04-17 14:13:06.434 [main] INFO  o.a.coyote.http11.Http11NioProtocol -Starting ProtocolHandler [http-nio-7070]
2020-04-17 14:13:06.467 [main] INFO  o.a.tomcat.util.net.NioSelectorPool -Using a shared selector for servlet write/read
2020-04-17 14:13:06.529 [main] INFO  o.s.b.c.e.t.TomcatEmbeddedServletContainer -Tomcat started on port(s): 7070 (http)
2020-04-17 14:13:06.533 [main] INFO  o.s.c.n.e.EurekaDiscoveryClientConfiguration -Updating port to 7070
2020-04-17 14:13:06.540 [main] INFO  com.irving.EurekaServer -Started EurekaServer in 19.171 seconds (JVM running for 33.672)
2020-04-17 14:13:23.591 [http-nio-7070-exec-2] INFO  o.a.c.c.C.[Tomcat].[localhost].[/] -Initializing Spring FrameworkServlet 'dispatcherServlet'
2020-04-17 14:13:23.592 [http-nio-7070-exec-2] INFO  o.s.web.servlet.DispatcherServlet -FrameworkServlet 'dispatcherServlet': initialization started
2020-04-17 14:13:23.634 [http-nio-7070-exec-2] INFO  o.s.web.servlet.DispatcherServlet -FrameworkServlet 'dispatcherServlet': initialization completed in 40 ms
2020-04-17 14:13:23.763 [http-nio-7070-exec-1] WARN  c.n.e.r.AbstractInstanceRegistry -DS: Registry: cancel failed because Lease is not registered for: SERVICE-B/localhost:service-B:7075
2020-04-17 14:13:23.764 [http-nio-7070-exec-1] INFO  c.n.e.resources.InstanceResource -Not Found (Cancel): SERVICE-B - localhost:service-B:7075
2020-04-17 14:13:23.895 [http-nio-7070-exec-2] INFO  c.n.e.r.AbstractInstanceRegistry -Registered instance SERVICE-B/localhost:service-B:7075 with status DOWN (replication=false)
2020-04-17 14:14:03.996 [http-nio-7070-exec-6] INFO  c.n.e.r.AbstractInstanceRegistry -Registered instance SERVICE-B/localhost:service-B:7075 with status UP (replication=false)
2020-04-17 14:14:06.318 [Eureka-EvictionTimer] INFO  c.n.e.r.AbstractInstanceRegistry -Running the evict task with compensationTime 0ms
2020-04-17 14:15:06.319 [Eureka-EvictionTimer] INFO  c.n.e.r.AbstractInstanceRegistry -Running the evict task with compensationTime 0ms
2020-04-17 14:15:15.144 [http-nio-7070-exec-3] INFO  c.n.e.r.AbstractInstanceRegistry -Registered instance RIBBON/localhost:ribbon:7071 with status UP (replication=false)
2020-04-17 14:16:06.320 [Eureka-EvictionTimer] INFO  c.n.e.r.AbstractInstanceRegistry -Running the evict task with compensationTime 1ms
2020-04-17 14:17:06.321 [Eureka-EvictionTimer] INFO  c.n.e.r.AbstractInstanceRegistry -Running the evict task with compensationTime 0ms
2020-04-17 14:18:06.321 [Eureka-EvictionTimer] INFO  c.n.e.r.AbstractInstanceRegistry -Running the evict task with compensationTime 0ms
2020-04-17 14:19:06.322 [Eureka-EvictionTimer] INFO  c.n.e.r.AbstractInstanceRegistry -Running the evict task with compensationTime 0ms
2020-04-17 14:20:06.323 [Eureka-EvictionTimer] INFO  c.n.e.r.AbstractInstanceRegistry -Running the evict task with compensationTime 0ms
2020-04-17 14:21:06.324 [Eureka-EvictionTimer] INFO  c.n.e.r.AbstractInstanceRegistry -Running the evict task with compensationTime 1ms
2020-04-17 14:22:06.324 [Eureka-EvictionTimer] INFO  c.n.e.r.AbstractInstanceRegistry -Running the evict task with compensationTime 0ms
2020-04-17 14:22:14.705 [http-nio-7070-exec-3] INFO  c.n.e.r.AbstractInstanceRegistry -Cancelled instance SERVICE-B/localhost:service-B:7075 (replication=false)
2020-04-17 14:22:14.705 [http-nio-7070-exec-2] INFO  c.n.e.r.AbstractInstanceRegistry -Registered instance SERVICE-B/localhost:service-B:7075 with status DOWN (replication=false)
2020-04-17 14:23:02.823 [Eureka-PeerNodesUpdater] WARN  c.n.eureka.cluster.PeerEurekaNodes -The replica size seems to be empty. Check the route 53 DNS Registry
2020-04-17 14:23:05.444 [http-nio-7070-exec-4] INFO  c.n.e.r.AbstractInstanceRegistry -Registered instance SERVICE-B/localhost:service-B:7075 with status UP (replication=false)
2020-04-17 14:23:06.325 [Eureka-EvictionTimer] INFO  c.n.e.r.AbstractInstanceRegistry -Running the evict task with compensationTime 0ms
2020-04-17 14:24:06.325 [Eureka-EvictionTimer] INFO  c.n.e.r.AbstractInstanceRegistry -Running the evict task with compensationTime 0ms
2020-04-17 14:25:06.325 [Eureka-EvictionTimer] INFO  c.n.e.r.AbstractInstanceRegistry -Running the evict task with compensationTime 0ms
2020-04-17 14:26:06.326 [Eureka-EvictionTimer] INFO  c.n.e.r.AbstractInstanceRegistry -Running the evict task with compensationTime 0ms
2020-04-17 14:27:06.326 [Eureka-EvictionTimer] INFO  c.n.e.r.AbstractInstanceRegistry -Running the evict task with compensationTime 0ms
2020-04-17 14:28:02.843 [ReplicaAwareInstanceRegistry - RenewalThresholdUpdater] INFO  c.n.e.r.PeerAwareInstanceRegistryImpl -Current renewal threshold is : 5
2020-04-17 14:28:06.326 [Eureka-EvictionTimer] INFO  c.n.e.r.AbstractInstanceRegistry -Running the evict task with compensationTime 0ms
2020-04-17 14:29:06.326 [Eureka-EvictionTimer] INFO  c.n.e.r.AbstractInstanceRegistry -Running the evict task with compensationTime 0ms
2020-04-17 14:29:17.988 [http-nio-7070-exec-10] INFO  c.n.e.r.AbstractInstanceRegistry -Registered instance SERVICE-B/localhost:service-B:7075 with status DOWN (replication=false)
2020-04-17 14:29:17.989 [http-nio-7070-exec-9] INFO  c.n.e.r.AbstractInstanceRegistry -Cancelled instance SERVICE-B/localhost:service-B:7075 (replication=false)
2020-04-17 14:30:01.870 [http-nio-7070-exec-8] INFO  c.n.e.r.AbstractInstanceRegistry -Registered instance SERVICE-B/localhost:service-B:7075 with status UP (replication=false)
2020-04-17 14:30:06.326 [Eureka-EvictionTimer] INFO  c.n.e.r.AbstractInstanceRegistry -Running the evict task with compensationTime 0ms
2020-04-17 14:31:06.328 [Eureka-EvictionTimer] INFO  c.n.e.r.AbstractInstanceRegistry -Running the evict task with compensationTime 2ms
2020-04-17 14:32:06.329 [Eureka-EvictionTimer] INFO  c.n.e.r.AbstractInstanceRegistry -Running the evict task with compensationTime 0ms
2020-04-17 14:33:02.825 [Eureka-PeerNodesUpdater] WARN  c.n.eureka.cluster.PeerEurekaNodes -The replica size seems to be empty. Check the route 53 DNS Registry
2020-04-17 14:33:06.330 [Eureka-EvictionTimer] INFO  c.n.e.r.AbstractInstanceRegistry -Running the evict task with compensationTime 0ms
2020-04-17 14:34:06.331 [Eureka-EvictionTimer] INFO  c.n.e.r.AbstractInstanceRegistry -Running the evict task with compensationTime 0ms
2020-04-17 14:34:31.690 [http-nio-7070-exec-10] INFO  c.n.e.r.AbstractInstanceRegistry -Cancelled instance SERVICE-B/localhost:service-B:7075 (replication=false)
2020-04-17 14:34:31.691 [http-nio-7070-exec-8] INFO  c.n.e.r.AbstractInstanceRegistry -Registered instance SERVICE-B/localhost:service-B:7075 with status DOWN (replication=false)
2020-04-17 14:35:06.335 [Eureka-EvictionTimer] INFO  c.n.e.r.AbstractInstanceRegistry -Running the evict task with compensationTime 4ms
2020-04-17 14:35:15.860 [http-nio-7070-exec-1] INFO  c.n.e.r.AbstractInstanceRegistry -Registered instance SERVICE-B/localhost:service-B:7075 with status UP (replication=false)
2020-04-17 14:36:06.335 [Eureka-EvictionTimer] INFO  c.n.e.r.AbstractInstanceRegistry -Running the evict task with compensationTime 0ms
2020-04-17 14:37:06.336 [Eureka-EvictionTimer] INFO  c.n.e.r.AbstractInstanceRegistry -Running the evict task with compensationTime 0ms
2020-04-17 14:38:06.336 [Eureka-EvictionTimer] INFO  c.n.e.r.AbstractInstanceRegistry -Running the evict task with compensationTime 0ms
2020-04-17 14:39:06.337 [Eureka-EvictionTimer] INFO  c.n.e.r.AbstractInstanceRegistry -Running the evict task with compensationTime 0ms
2020-04-17 14:40:06.338 [Eureka-EvictionTimer] INFO  c.n.e.r.AbstractInstanceRegistry -Running the evict task with compensationTime 0ms
2020-04-17 14:40:12.821 [http-nio-7070-exec-4] INFO  c.n.e.r.AbstractInstanceRegistry -Cancelled instance SERVICE-B/localhost:service-B:7075 (replication=false)
2020-04-17 14:40:12.821 [http-nio-7070-exec-3] INFO  c.n.e.r.AbstractInstanceRegistry -Registered instance SERVICE-B/localhost:service-B:7075 with status DOWN (replication=false)
2020-04-17 14:40:57.878 [http-nio-7070-exec-6] INFO  c.n.e.r.AbstractInstanceRegistry -Registered instance SERVICE-B/localhost:service-B:7075 with status UP (replication=false)
2020-04-17 14:41:06.338 [Eureka-EvictionTimer] INFO  c.n.e.r.AbstractInstanceRegistry -Running the evict task with compensationTime 0ms
2020-04-17 14:42:06.338 [Eureka-EvictionTimer] INFO  c.n.e.r.AbstractInstanceRegistry -Running the evict task with compensationTime 0ms
2020-04-17 14:43:02.826 [Eureka-PeerNodesUpdater] WARN  c.n.eureka.cluster.PeerEurekaNodes -The replica size seems to be empty. Check the route 53 DNS Registry
2020-04-17 14:43:02.841 [ReplicaAwareInstanceRegistry - RenewalThresholdUpdater] INFO  c.n.e.r.PeerAwareInstanceRegistryImpl -Current renewal threshold is : 5
2020-04-17 14:43:06.339 [Eureka-EvictionTimer] INFO  c.n.e.r.AbstractInstanceRegistry -Running the evict task with compensationTime 0ms
2020-04-17 14:43:48.283 [http-nio-7070-exec-9] INFO  c.n.e.r.AbstractInstanceRegistry -Registered instance RIBBON/localhost:ribbon:7071 with status DOWN (replication=false)
2020-04-17 14:43:48.283 [http-nio-7070-exec-1] INFO  c.n.e.r.AbstractInstanceRegistry -Cancelled instance RIBBON/localhost:ribbon:7071 (replication=false)
2020-04-17 14:44:06.339 [Eureka-EvictionTimer] INFO  c.n.e.r.AbstractInstanceRegistry -Running the evict task with compensationTime 0ms
2020-04-17 14:44:29.408 [http-nio-7070-exec-5] INFO  c.n.e.r.AbstractInstanceRegistry -Registered instance RIBBON/localhost:ribbon:7071 with status UP (replication=false)
2020-04-17 14:45:06.339 [Eureka-EvictionTimer] INFO  c.n.e.r.AbstractInstanceRegistry -Running the evict task with compensationTime 0ms
2020-04-17 14:46:06.340 [Eureka-EvictionTimer] INFO  c.n.e.r.AbstractInstanceRegistry -Running the evict task with compensationTime 0ms
2020-04-17 14:47:06.341 [Eureka-EvictionTimer] INFO  c.n.e.r.AbstractInstanceRegistry -Running the evict task with compensationTime 0ms
2020-04-17 14:48:06.341 [Eureka-EvictionTimer] INFO  c.n.e.r.AbstractInstanceRegistry -Running the evict task with compensationTime 0ms
2020-04-17 14:48:18.790 [http-nio-7070-exec-8] INFO  c.n.e.r.AbstractInstanceRegistry -Registered instance HYSTRIX/localhost:hystrix:7077 with status UP (replication=false)
2020-04-17 14:49:06.341 [Eureka-EvictionTimer] INFO  c.n.e.r.AbstractInstanceRegistry -Running the evict task with compensationTime 0ms
2020-04-17 14:49:45.961 [http-nio-7070-exec-1] INFO  c.n.e.r.AbstractInstanceRegistry -Registered instance RIBBON/localhost:ribbon:7071 with status DOWN (replication=false)
2020-04-17 14:49:45.961 [http-nio-7070-exec-5] INFO  c.n.e.r.AbstractInstanceRegistry -Cancelled instance RIBBON/localhost:ribbon:7071 (replication=false)
2020-04-17 14:50:06.342 [Eureka-EvictionTimer] INFO  c.n.e.r.AbstractInstanceRegistry -Running the evict task with compensationTime 0ms
2020-04-17 14:50:27.407 [http-nio-7070-exec-7] INFO  c.n.e.r.AbstractInstanceRegistry -Registered instance RIBBON/localhost:ribbon:7071 with status UP (replication=false)
2020-04-17 14:51:06.342 [Eureka-EvictionTimer] INFO  c.n.e.r.AbstractInstanceRegistry -Running the evict task with compensationTime 0ms
2020-04-17 14:52:06.343 [Eureka-EvictionTimer] INFO  c.n.e.r.AbstractInstanceRegistry -Running the evict task with compensationTime 0ms
2020-04-17 14:53:02.834 [Eureka-PeerNodesUpdater] WARN  c.n.eureka.cluster.PeerEurekaNodes -The replica size seems to be empty. Check the route 53 DNS Registry
2020-04-17 14:53:06.344 [Eureka-EvictionTimer] INFO  c.n.e.r.AbstractInstanceRegistry -Running the evict task with compensationTime 0ms
2020-04-17 14:54:06.344 [Eureka-EvictionTimer] INFO  c.n.e.r.AbstractInstanceRegistry -Running the evict task with compensationTime 0ms
2020-04-17 14:55:06.344 [Eureka-EvictionTimer] INFO  c.n.e.r.AbstractInstanceRegistry -Running the evict task with compensationTime 0ms
2020-04-17 14:56:06.345 [Eureka-EvictionTimer] INFO  c.n.e.r.AbstractInstanceRegistry -Running the evict task with compensationTime 0ms
2020-04-17 14:57:06.345 [Eureka-EvictionTimer] INFO  c.n.e.r.AbstractInstanceRegistry -Running the evict task with compensationTime 0ms
2020-04-17 14:58:02.844 [ReplicaAwareInstanceRegistry - RenewalThresholdUpdater] INFO  c.n.e.r.PeerAwareInstanceRegistryImpl -Current renewal threshold is : 6
2020-04-17 14:58:06.346 [Eureka-EvictionTimer] INFO  c.n.e.r.AbstractInstanceRegistry -Running the evict task with compensationTime 0ms
2020-04-17 14:59:06.346 [Eureka-EvictionTimer] INFO  c.n.e.r.AbstractInstanceRegistry -Running the evict task with compensationTime 0ms
2020-04-17 15:00:06.346 [Eureka-EvictionTimer] INFO  c.n.e.r.AbstractInstanceRegistry -Running the evict task with compensationTime 0ms
2020-04-17 15:01:06.347 [Eureka-EvictionTimer] INFO  c.n.e.r.AbstractInstanceRegistry -Running the evict task with compensationTime 0ms
2020-04-17 15:02:06.348 [Eureka-EvictionTimer] INFO  c.n.e.r.AbstractInstanceRegistry -Running the evict task with compensationTime 0ms
2020-04-17 15:03:02.839 [Eureka-PeerNodesUpdater] WARN  c.n.eureka.cluster.PeerEurekaNodes -The replica size seems to be empty. Check the route 53 DNS Registry
2020-04-17 15:03:06.348 [Eureka-EvictionTimer] INFO  c.n.e.r.AbstractInstanceRegistry -Running the evict task with compensationTime 0ms
2020-04-17 15:04:06.348 [Eureka-EvictionTimer] INFO  c.n.e.r.AbstractInstanceRegistry -Running the evict task with compensationTime 0ms
2020-04-17 15:05:06.349 [Eureka-EvictionTimer] INFO  c.n.e.r.AbstractInstanceRegistry -Running the evict task with compensationTime 0ms
2020-04-17 15:06:06.350 [Eureka-EvictionTimer] INFO  c.n.e.r.AbstractInstanceRegistry -Running the evict task with compensationTime 0ms
2020-04-17 15:07:06.350 [Eureka-EvictionTimer] INFO  c.n.e.r.AbstractInstanceRegistry -Running the evict task with compensationTime 0ms
2020-04-17 15:08:06.351 [Eureka-EvictionTimer] INFO  c.n.e.r.AbstractInstanceRegistry -Running the evict task with compensationTime 0ms
2020-04-17 15:09:06.352 [Eureka-EvictionTimer] INFO  c.n.e.r.AbstractInstanceRegistry -Running the evict task with compensationTime 0ms
2020-04-17 15:10:06.554 [Eureka-EvictionTimer] INFO  c.n.e.r.AbstractInstanceRegistry -Running the evict task with compensationTime 202ms
2020-04-17 15:11:06.557 [Eureka-EvictionTimer] INFO  c.n.e.r.AbstractInstanceRegistry -Running the evict task with compensationTime 2ms
2020-04-17 15:12:06.557 [Eureka-EvictionTimer] INFO  c.n.e.r.AbstractInstanceRegistry -Running the evict task with compensationTime 0ms
2020-04-17 15:13:02.996 [Eureka-PeerNodesUpdater] WARN  c.n.eureka.cluster.PeerEurekaNodes -The replica size seems to be empty. Check the route 53 DNS Registry
2020-04-17 15:13:03.000 [ReplicaAwareInstanceRegistry - RenewalThresholdUpdater] INFO  c.n.e.r.PeerAwareInstanceRegistryImpl -Current renewal threshold is : 6
2020-04-17 15:13:06.558 [Eureka-EvictionTimer] INFO  c.n.e.r.AbstractInstanceRegistry -Running the evict task with compensationTime 0ms
2020-04-17 15:14:06.562 [Eureka-EvictionTimer] INFO  c.n.e.r.AbstractInstanceRegistry -Running the evict task with compensationTime 4ms
2020-04-17 15:15:06.615 [Eureka-EvictionTimer] INFO  c.n.e.r.AbstractInstanceRegistry -Running the evict task with compensationTime 53ms
2020-04-17 15:16:06.615 [Eureka-EvictionTimer] INFO  c.n.e.r.AbstractInstanceRegistry -Running the evict task with compensationTime 0ms
2020-04-17 15:17:06.856 [Eureka-EvictionTimer] INFO  c.n.e.r.AbstractInstanceRegistry -Running the evict task with compensationTime 241ms
2020-04-17 15:18:06.874 [Eureka-EvictionTimer] INFO  c.n.e.r.AbstractInstanceRegistry -Running the evict task with compensationTime 17ms
2020-04-17 15:19:06.876 [Eureka-EvictionTimer] INFO  c.n.e.r.AbstractInstanceRegistry -Running the evict task with compensationTime 2ms
2020-04-17 15:20:06.954 [Eureka-EvictionTimer] INFO  c.n.e.r.AbstractInstanceRegistry -Running the evict task with compensationTime 77ms
2020-04-17 15:21:07.015 [Eureka-EvictionTimer] INFO  c.n.e.r.AbstractInstanceRegistry -Running the evict task with compensationTime 59ms
2020-04-17 15:22:07.034 [Eureka-EvictionTimer] INFO  c.n.e.r.AbstractInstanceRegistry -Running the evict task with compensationTime 19ms
2020-04-17 15:23:03.003 [Eureka-PeerNodesUpdater] WARN  c.n.eureka.cluster.PeerEurekaNodes -The replica size seems to be empty. Check the route 53 DNS Registry
2020-04-17 15:23:07.034 [Eureka-EvictionTimer] INFO  c.n.e.r.AbstractInstanceRegistry -Running the evict task with compensationTime 0ms
2020-04-17 15:24:07.034 [Eureka-EvictionTimer] INFO  c.n.e.r.AbstractInstanceRegistry -Running the evict task with compensationTime 0ms
2020-04-17 15:25:07.045 [Eureka-EvictionTimer] INFO  c.n.e.r.AbstractInstanceRegistry -Running the evict task with compensationTime 11ms
2020-04-17 15:26:07.046 [Eureka-EvictionTimer] INFO  c.n.e.r.AbstractInstanceRegistry -Running the evict task with compensationTime 0ms
2020-04-17 15:27:07.046 [Eureka-EvictionTimer] INFO  c.n.e.r.AbstractInstanceRegistry -Running the evict task with compensationTime 0ms
2020-04-17 15:28:02.999 [ReplicaAwareInstanceRegistry - RenewalThresholdUpdater] INFO  c.n.e.r.PeerAwareInstanceRegistryImpl -Current renewal threshold is : 6
2020-04-17 15:28:07.046 [Eureka-EvictionTimer] INFO  c.n.e.r.AbstractInstanceRegistry -Running the evict task with compensationTime 0ms
2020-04-17 15:29:07.046 [Eureka-EvictionTimer] INFO  c.n.e.r.AbstractInstanceRegistry -Running the evict task with compensationTime 0ms
2020-04-17 15:30:07.046 [Eureka-EvictionTimer] INFO  c.n.e.r.AbstractInstanceRegistry -Running the evict task with compensationTime 0ms
2020-04-17 15:31:07.047 [Eureka-EvictionTimer] INFO  c.n.e.r.AbstractInstanceRegistry -Running the evict task with compensationTime 0ms
2020-04-17 15:32:07.048 [Eureka-EvictionTimer] INFO  c.n.e.r.AbstractInstanceRegistry -Running the evict task with compensationTime 0ms
2020-04-17 15:33:03.011 [Eureka-PeerNodesUpdater] WARN  c.n.eureka.cluster.PeerEurekaNodes -The replica size seems to be empty. Check the route 53 DNS Registry
2020-04-17 15:33:07.049 [Eureka-EvictionTimer] INFO  c.n.e.r.AbstractInstanceRegistry -Running the evict task with compensationTime 0ms
2020-04-17 15:34:07.049 [Eureka-EvictionTimer] INFO  c.n.e.r.AbstractInstanceRegistry -Running the evict task with compensationTime 0ms
2020-04-17 15:35:07.050 [Eureka-EvictionTimer] INFO  c.n.e.r.AbstractInstanceRegistry -Running the evict task with compensationTime 1ms
2020-04-17 15:36:07.050 [Eureka-EvictionTimer] INFO  c.n.e.r.AbstractInstanceRegistry -Running the evict task with compensationTime 0ms
2020-04-17 15:37:07.113 [Eureka-EvictionTimer] INFO  c.n.e.r.AbstractInstanceRegistry -Running the evict task with compensationTime 62ms
2020-04-17 15:38:07.206 [Eureka-EvictionTimer] INFO  c.n.e.r.AbstractInstanceRegistry -Running the evict task with compensationTime 93ms
2020-04-17 15:39:07.206 [Eureka-EvictionTimer] INFO  c.n.e.r.AbstractInstanceRegistry -Running the evict task with compensationTime 0ms
2020-04-17 15:40:07.235 [Eureka-EvictionTimer] INFO  c.n.e.r.AbstractInstanceRegistry -Running the evict task with compensationTime 29ms
2020-04-17 15:41:07.308 [Eureka-EvictionTimer] INFO  c.n.e.r.AbstractInstanceRegistry -Running the evict task with compensationTime 72ms
2020-04-17 15:42:07.340 [Eureka-EvictionTimer] INFO  c.n.e.r.AbstractInstanceRegistry -Running the evict task with compensationTime 32ms
2020-04-17 15:43:03.109 [Eureka-PeerNodesUpdater] WARN  c.n.eureka.cluster.PeerEurekaNodes -The replica size seems to be empty. Check the route 53 DNS Registry
2020-04-17 15:43:03.111 [ReplicaAwareInstanceRegistry - RenewalThresholdUpdater] INFO  c.n.e.r.PeerAwareInstanceRegistryImpl -Current renewal threshold is : 6
2020-04-17 15:43:07.343 [Eureka-EvictionTimer] INFO  c.n.e.r.AbstractInstanceRegistry -Running the evict task with compensationTime 2ms
2020-04-17 15:44:07.343 [Eureka-EvictionTimer] INFO  c.n.e.r.AbstractInstanceRegistry -Running the evict task with compensationTime 0ms
2020-04-17 15:45:07.343 [Eureka-EvictionTimer] INFO  c.n.e.r.AbstractInstanceRegistry -Running the evict task with compensationTime 0ms
2020-04-17 15:46:07.344 [Eureka-EvictionTimer] INFO  c.n.e.r.AbstractInstanceRegistry -Running the evict task with compensationTime 0ms
2020-04-17 15:47:07.344 [Eureka-EvictionTimer] INFO  c.n.e.r.AbstractInstanceRegistry -Running the evict task with compensationTime 0ms
2020-04-17 15:48:07.357 [Eureka-EvictionTimer] INFO  c.n.e.r.AbstractInstanceRegistry -Running the evict task with compensationTime 12ms
2020-04-17 15:49:07.357 [Eureka-EvictionTimer] INFO  c.n.e.r.AbstractInstanceRegistry -Running the evict task with compensationTime 0ms
2020-04-17 15:50:07.357 [Eureka-EvictionTimer] INFO  c.n.e.r.AbstractInstanceRegistry -Running the evict task with compensationTime 0ms
2020-04-17 15:51:07.358 [Eureka-EvictionTimer] INFO  c.n.e.r.AbstractInstanceRegistry -Running the evict task with compensationTime 0ms
2020-04-17 15:52:07.360 [Eureka-EvictionTimer] INFO  c.n.e.r.AbstractInstanceRegistry -Running the evict task with compensationTime 2ms
2020-04-17 15:53:03.116 [Eureka-PeerNodesUpdater] WARN  c.n.eureka.cluster.PeerEurekaNodes -The replica size seems to be empty. Check the route 53 DNS Registry
2020-04-17 15:53:07.361 [Eureka-EvictionTimer] INFO  c.n.e.r.AbstractInstanceRegistry -Running the evict task with compensationTime 0ms
2020-04-17 15:54:07.361 [Eureka-EvictionTimer] INFO  c.n.e.r.AbstractInstanceRegistry -Running the evict task with compensationTime 0ms
2020-04-17 15:55:07.361 [Eureka-EvictionTimer] INFO  c.n.e.r.AbstractInstanceRegistry -Running the evict task with compensationTime 0ms
2020-04-17 15:56:07.365 [Eureka-EvictionTimer] INFO  c.n.e.r.AbstractInstanceRegistry -Running the evict task with compensationTime 4ms
2020-04-17 15:57:07.365 [Eureka-EvictionTimer] INFO  c.n.e.r.AbstractInstanceRegistry -Running the evict task with compensationTime 0ms
2020-04-17 15:58:03.110 [ReplicaAwareInstanceRegistry - RenewalThresholdUpdater] INFO  c.n.e.r.PeerAwareInstanceRegistryImpl -Current renewal threshold is : 6
2020-04-17 15:58:07.383 [Eureka-EvictionTimer] INFO  c.n.e.r.AbstractInstanceRegistry -Running the evict task with compensationTime 17ms
2020-04-17 15:59:07.383 [Eureka-EvictionTimer] INFO  c.n.e.r.AbstractInstanceRegistry -Running the evict task with compensationTime 0ms
2020-04-17 16:00:07.383 [Eureka-EvictionTimer] INFO  c.n.e.r.AbstractInstanceRegistry -Running the evict task with compensationTime 0ms
2020-04-17 16:01:07.383 [Eureka-EvictionTimer] INFO  c.n.e.r.AbstractInstanceRegistry -Running the evict task with compensationTime 0ms
2020-04-17 16:02:07.383 [Eureka-EvictionTimer] INFO  c.n.e.r.AbstractInstanceRegistry -Running the evict task with compensationTime 0ms
2020-04-17 16:03:03.178 [Eureka-PeerNodesUpdater] WARN  c.n.eureka.cluster.PeerEurekaNodes -The replica size seems to be empty. Check the route 53 DNS Registry
2020-04-17 16:03:07.391 [Eureka-EvictionTimer] INFO  c.n.e.r.AbstractInstanceRegistry -Running the evict task with compensationTime 8ms
2020-04-17 16:04:07.391 [Eureka-EvictionTimer] INFO  c.n.e.r.AbstractInstanceRegistry -Running the evict task with compensationTime 0ms
2020-04-17 16:05:07.392 [Eureka-EvictionTimer] INFO  c.n.e.r.AbstractInstanceRegistry -Running the evict task with compensationTime 0ms
2020-04-17 16:06:07.392 [Eureka-EvictionTimer] INFO  c.n.e.r.AbstractInstanceRegistry -Running the evict task with compensationTime 0ms
2020-04-17 16:07:07.393 [Eureka-EvictionTimer] INFO  c.n.e.r.AbstractInstanceRegistry -Running the evict task with compensationTime 0ms
2020-04-17 16:08:07.393 [Eureka-EvictionTimer] INFO  c.n.e.r.AbstractInstanceRegistry -Running the evict task with compensationTime 0ms
2020-04-17 16:09:07.394 [Eureka-EvictionTimer] INFO  c.n.e.r.AbstractInstanceRegistry -Running the evict task with compensationTime 0ms
2020-04-17 16:10:07.395 [Eureka-EvictionTimer] INFO  c.n.e.r.AbstractInstanceRegistry -Running the evict task with compensationTime 0ms
2020-04-17 16:11:07.396 [Eureka-EvictionTimer] INFO  c.n.e.r.AbstractInstanceRegistry -Running the evict task with compensationTime 0ms
2020-04-17 16:12:07.396 [Eureka-EvictionTimer] INFO  c.n.e.r.AbstractInstanceRegistry -Running the evict task with compensationTime 0ms
2020-04-17 16:13:03.107 [ReplicaAwareInstanceRegistry - RenewalThresholdUpdater] INFO  c.n.e.r.PeerAwareInstanceRegistryImpl -Current renewal threshold is : 6
2020-04-17 16:13:03.183 [Eureka-PeerNodesUpdater] WARN  c.n.eureka.cluster.PeerEurekaNodes -The replica size seems to be empty. Check the route 53 DNS Registry
2020-04-17 16:13:07.397 [Eureka-EvictionTimer] INFO  c.n.e.r.AbstractInstanceRegistry -Running the evict task with compensationTime 0ms
2020-04-17 16:14:07.397 [Eureka-EvictionTimer] INFO  c.n.e.r.AbstractInstanceRegistry -Running the evict task with compensationTime 0ms
2020-04-17 16:14:38.955 [http-nio-7070-exec-3] INFO  c.n.e.r.AbstractInstanceRegistry -Registered instance SERVICE-B/localhost:service-B:7076 with status UP (replication=false)
2020-04-17 16:15:07.397 [Eureka-EvictionTimer] INFO  c.n.e.r.AbstractInstanceRegistry -Running the evict task with compensationTime 0ms
2020-04-17 16:16:07.398 [Eureka-EvictionTimer] INFO  c.n.e.r.AbstractInstanceRegistry -Running the evict task with compensationTime 0ms
2020-04-17 16:17:07.399 [Eureka-EvictionTimer] INFO  c.n.e.r.AbstractInstanceRegistry -Running the evict task with compensationTime 0ms
2020-04-17 16:18:07.400 [Eureka-EvictionTimer] INFO  c.n.e.r.AbstractInstanceRegistry -Running the evict task with compensationTime 0ms
2020-04-17 16:19:07.401 [Eureka-EvictionTimer] INFO  c.n.e.r.AbstractInstanceRegistry -Running the evict task with compensationTime 1ms
2020-04-17 16:19:32.320 [http-nio-7070-exec-8] INFO  c.n.e.r.AbstractInstanceRegistry -Registered instance SERVICE-B/localhost:service-B:7076 with status DOWN (replication=false)
2020-04-17 16:19:32.322 [http-nio-7070-exec-6] INFO  c.n.e.r.AbstractInstanceRegistry -Cancelled instance SERVICE-B/localhost:service-B:7076 (replication=false)
2020-04-17 16:20:07.401 [Eureka-EvictionTimer] INFO  c.n.e.r.AbstractInstanceRegistry -Running the evict task with compensationTime 0ms
2020-04-17 16:20:12.749 [http-nio-7070-exec-10] INFO  c.n.e.r.AbstractInstanceRegistry -Registered instance SERVICE-B/localhost:service-B:7076 with status UP (replication=false)
2020-04-17 16:21:07.401 [Eureka-EvictionTimer] INFO  c.n.e.r.AbstractInstanceRegistry -Running the evict task with compensationTime 0ms
2020-04-17 16:22:07.402 [Eureka-EvictionTimer] INFO  c.n.e.r.AbstractInstanceRegistry -Running the evict task with compensationTime 0ms
2020-04-17 16:23:03.186 [Eureka-PeerNodesUpdater] WARN  c.n.eureka.cluster.PeerEurekaNodes -The replica size seems to be empty. Check the route 53 DNS Registry
2020-04-17 16:23:07.402 [Eureka-EvictionTimer] INFO  c.n.e.r.AbstractInstanceRegistry -Running the evict task with compensationTime 0ms
2020-04-17 16:24:07.402 [Eureka-EvictionTimer] INFO  c.n.e.r.AbstractInstanceRegistry -Running the evict task with compensationTime 0ms
2020-04-17 16:24:20.390 [http-nio-7070-exec-10] INFO  c.n.e.r.AbstractInstanceRegistry -Registered instance HYSTRIX/localhost:hystrix:7077 with status DOWN (replication=false)
2020-04-17 16:24:20.398 [http-nio-7070-exec-2] INFO  c.n.e.r.AbstractInstanceRegistry -Cancelled instance HYSTRIX/localhost:hystrix:7077 (replication=false)
2020-04-17 16:24:56.122 [http-nio-7070-exec-1] INFO  c.n.e.r.AbstractInstanceRegistry -Registered instance HYSTRIX/localhost:hystrix:7077 with status UP (replication=false)
2020-04-17 16:25:07.402 [Eureka-EvictionTimer] INFO  c.n.e.r.AbstractInstanceRegistry -Running the evict task with compensationTime 0ms
2020-04-17 16:26:07.402 [Eureka-EvictionTimer] INFO  c.n.e.r.AbstractInstanceRegistry -Running the evict task with compensationTime 0ms
2020-04-17 16:27:07.403 [Eureka-EvictionTimer] INFO  c.n.e.r.AbstractInstanceRegistry -Running the evict task with compensationTime 0ms
2020-04-17 16:28:03.107 [ReplicaAwareInstanceRegistry - RenewalThresholdUpdater] INFO  c.n.e.r.PeerAwareInstanceRegistryImpl -Current renewal threshold is : 8
2020-04-17 16:28:07.404 [Eureka-EvictionTimer] INFO  c.n.e.r.AbstractInstanceRegistry -Running the evict task with compensationTime 0ms
2020-04-17 16:29:07.405 [Eureka-EvictionTimer] INFO  c.n.e.r.AbstractInstanceRegistry -Running the evict task with compensationTime 0ms
2020-04-17 16:30:07.405 [Eureka-EvictionTimer] INFO  c.n.e.r.AbstractInstanceRegistry -Running the evict task with compensationTime 0ms
2020-04-17 16:31:07.406 [Eureka-EvictionTimer] INFO  c.n.e.r.AbstractInstanceRegistry -Running the evict task with compensationTime 0ms
2020-04-17 16:32:07.406 [Eureka-EvictionTimer] INFO  c.n.e.r.AbstractInstanceRegistry -Running the evict task with compensationTime 0ms
2020-04-17 16:33:03.191 [Eureka-PeerNodesUpdater] WARN  c.n.eureka.cluster.PeerEurekaNodes -The replica size seems to be empty. Check the route 53 DNS Registry
2020-04-17 16:33:07.407 [Eureka-EvictionTimer] INFO  c.n.e.r.AbstractInstanceRegistry -Running the evict task with compensationTime 0ms
2020-04-17 16:34:07.408 [Eureka-EvictionTimer] INFO  c.n.e.r.AbstractInstanceRegistry -Running the evict task with compensationTime 0ms
2020-04-17 16:35:07.408 [Eureka-EvictionTimer] INFO  c.n.e.r.AbstractInstanceRegistry -Running the evict task with compensationTime 0ms
2020-04-17 16:36:07.409 [Eureka-EvictionTimer] INFO  c.n.e.r.AbstractInstanceRegistry -Running the evict task with compensationTime 0ms
2020-04-17 16:37:07.409 [Eureka-EvictionTimer] INFO  c.n.e.r.AbstractInstanceRegistry -Running the evict task with compensationTime 0ms
2020-04-17 16:38:07.410 [Eureka-EvictionTimer] INFO  c.n.e.r.AbstractInstanceRegistry -Running the evict task with compensationTime 0ms
2020-04-17 16:39:07.411 [Eureka-EvictionTimer] INFO  c.n.e.r.AbstractInstanceRegistry -Running the evict task with compensationTime 1ms
2020-04-17 16:40:07.411 [Eureka-EvictionTimer] INFO  c.n.e.r.AbstractInstanceRegistry -Running the evict task with compensationTime 0ms
2020-04-17 16:41:07.412 [Eureka-EvictionTimer] INFO  c.n.e.r.AbstractInstanceRegistry -Running the evict task with compensationTime 0ms
2020-04-17 16:42:07.412 [Eureka-EvictionTimer] INFO  c.n.e.r.AbstractInstanceRegistry -Running the evict task with compensationTime 0ms
2020-04-17 16:43:03.107 [ReplicaAwareInstanceRegistry - RenewalThresholdUpdater] INFO  c.n.e.r.PeerAwareInstanceRegistryImpl -Current renewal threshold is : 8
2020-04-17 16:43:03.195 [Eureka-PeerNodesUpdater] WARN  c.n.eureka.cluster.PeerEurekaNodes -The replica size seems to be empty. Check the route 53 DNS Registry
2020-04-17 16:43:07.413 [Eureka-EvictionTimer] INFO  c.n.e.r.AbstractInstanceRegistry -Running the evict task with compensationTime 0ms
2020-04-17 16:44:07.413 [Eureka-EvictionTimer] INFO  c.n.e.r.AbstractInstanceRegistry -Running the evict task with compensationTime 0ms
2020-04-17 16:45:07.413 [Eureka-EvictionTimer] INFO  c.n.e.r.AbstractInstanceRegistry -Running the evict task with compensationTime 0ms
2020-04-17 16:46:07.414 [Eureka-EvictionTimer] INFO  c.n.e.r.AbstractInstanceRegistry -Running the evict task with compensationTime 0ms
2020-04-17 16:47:04.376 [http-nio-7070-exec-8] INFO  c.n.e.r.AbstractInstanceRegistry -Registered instance SERVICE-B/localhost:service-B:7076 with status DOWN (replication=false)
2020-04-17 16:47:04.381 [http-nio-7070-exec-9] INFO  c.n.e.r.AbstractInstanceRegistry -Cancelled instance SERVICE-B/localhost:service-B:7076 (replication=false)
2020-04-17 16:47:07.414 [Eureka-EvictionTimer] INFO  c.n.e.r.AbstractInstanceRegistry -Running the evict task with compensationTime 0ms
2020-04-17 16:47:45.389 [http-nio-7070-exec-8] INFO  c.n.e.r.AbstractInstanceRegistry -Registered instance SERVICE-B/localhost:service-B:7076 with status UP (replication=false)
2020-04-17 16:48:07.414 [Eureka-EvictionTimer] INFO  c.n.e.r.AbstractInstanceRegistry -Running the evict task with compensationTime 0ms
2020-04-17 16:49:07.415 [Eureka-EvictionTimer] INFO  c.n.e.r.AbstractInstanceRegistry -Running the evict task with compensationTime 0ms
2020-04-17 16:50:07.415 [Eureka-EvictionTimer] INFO  c.n.e.r.AbstractInstanceRegistry -Running the evict task with compensationTime 0ms
2020-04-17 16:51:01.962 [http-nio-7070-exec-5] INFO  c.n.e.r.AbstractInstanceRegistry -Cancelled instance SERVICE-B/localhost:service-B:7076 (replication=false)
2020-04-17 16:51:01.964 [http-nio-7070-exec-4] INFO  c.n.e.r.AbstractInstanceRegistry -Registered instance SERVICE-B/localhost:service-B:7076 with status DOWN (replication=false)
2020-04-17 16:51:07.418 [Eureka-EvictionTimer] INFO  c.n.e.r.AbstractInstanceRegistry -Running the evict task with compensationTime 2ms
2020-04-17 16:51:40.516 [http-nio-7070-exec-9] INFO  c.n.e.r.AbstractInstanceRegistry -Registered instance SERVICE-B/localhost:service-B:7076 with status UP (replication=false)
2020-04-17 16:52:07.418 [Eureka-EvictionTimer] INFO  c.n.e.r.AbstractInstanceRegistry -Running the evict task with compensationTime 0ms
2020-04-17 16:53:03.200 [Eureka-PeerNodesUpdater] WARN  c.n.eureka.cluster.PeerEurekaNodes -The replica size seems to be empty. Check the route 53 DNS Registry
2020-04-17 16:53:07.419 [Eureka-EvictionTimer] INFO  c.n.e.r.AbstractInstanceRegistry -Running the evict task with compensationTime 0ms
2020-04-17 16:54:07.420 [Eureka-EvictionTimer] INFO  c.n.e.r.AbstractInstanceRegistry -Running the evict task with compensationTime 0ms
2020-04-17 16:55:07.420 [Eureka-EvictionTimer] INFO  c.n.e.r.AbstractInstanceRegistry -Running the evict task with compensationTime 0ms
2020-04-17 16:56:07.421 [Eureka-EvictionTimer] INFO  c.n.e.r.AbstractInstanceRegistry -Running the evict task with compensationTime 0ms
2020-04-17 16:57:07.421 [Eureka-EvictionTimer] INFO  c.n.e.r.AbstractInstanceRegistry -Running the evict task with compensationTime 0ms
2020-04-17 16:58:03.108 [ReplicaAwareInstanceRegistry - RenewalThresholdUpdater] INFO  c.n.e.r.PeerAwareInstanceRegistryImpl -Current renewal threshold is : 8
2020-04-17 16:58:07.421 [Eureka-EvictionTimer] INFO  c.n.e.r.AbstractInstanceRegistry -Running the evict task with compensationTime 0ms
2020-04-17 16:59:07.422 [Eureka-EvictionTimer] INFO  c.n.e.r.AbstractInstanceRegistry -Running the evict task with compensationTime 0ms
2020-04-17 17:00:07.422 [Eureka-EvictionTimer] INFO  c.n.e.r.AbstractInstanceRegistry -Running the evict task with compensationTime 0ms
2020-04-17 17:01:07.423 [Eureka-EvictionTimer] INFO  c.n.e.r.AbstractInstanceRegistry -Running the evict task with compensationTime 1ms
2020-04-17 17:02:07.423 [Eureka-EvictionTimer] INFO  c.n.e.r.AbstractInstanceRegistry -Running the evict task with compensationTime 0ms
2020-04-17 17:03:03.207 [Eureka-PeerNodesUpdater] WARN  c.n.eureka.cluster.PeerEurekaNodes -The replica size seems to be empty. Check the route 53 DNS Registry
2020-04-17 17:03:07.423 [Eureka-EvictionTimer] INFO  c.n.e.r.AbstractInstanceRegistry -Running the evict task with compensationTime 0ms
2020-04-17 17:04:07.424 [Eureka-EvictionTimer] INFO  c.n.e.r.AbstractInstanceRegistry -Running the evict task with compensationTime 0ms
2020-04-17 17:05:07.425 [Eureka-EvictionTimer] INFO  c.n.e.r.AbstractInstanceRegistry -Running the evict task with compensationTime 0ms
2020-04-17 17:06:07.425 [Eureka-EvictionTimer] INFO  c.n.e.r.AbstractInstanceRegistry -Running the evict task with compensationTime 0ms
2020-04-17 17:07:07.425 [Eureka-EvictionTimer] INFO  c.n.e.r.AbstractInstanceRegistry -Running the evict task with compensationTime 0ms
2020-04-17 17:08:07.425 [Eureka-EvictionTimer] INFO  c.n.e.r.AbstractInstanceRegistry -Running the evict task with compensationTime 0ms
2020-04-17 17:09:07.426 [Eureka-EvictionTimer] INFO  c.n.e.r.AbstractInstanceRegistry -Running the evict task with compensationTime 1ms
2020-04-17 17:10:07.427 [Eureka-EvictionTimer] INFO  c.n.e.r.AbstractInstanceRegistry -Running the evict task with compensationTime 0ms
2020-04-17 17:11:07.427 [Eureka-EvictionTimer] INFO  c.n.e.r.AbstractInstanceRegistry -Running the evict task with compensationTime 0ms
2020-04-17 17:12:07.428 [Eureka-EvictionTimer] INFO  c.n.e.r.AbstractInstanceRegistry -Running the evict task with compensationTime 0ms
2020-04-17 17:13:03.113 [ReplicaAwareInstanceRegistry - RenewalThresholdUpdater] INFO  c.n.e.r.PeerAwareInstanceRegistryImpl -Current renewal threshold is : 8
2020-04-17 17:13:03.211 [Eureka-PeerNodesUpdater] WARN  c.n.eureka.cluster.PeerEurekaNodes -The replica size seems to be empty. Check the route 53 DNS Registry
2020-04-17 17:13:07.428 [Eureka-EvictionTimer] INFO  c.n.e.r.AbstractInstanceRegistry -Running the evict task with compensationTime 0ms
2020-04-17 17:14:07.429 [Eureka-EvictionTimer] INFO  c.n.e.r.AbstractInstanceRegistry -Running the evict task with compensationTime 0ms
2020-04-17 17:15:07.429 [Eureka-EvictionTimer] INFO  c.n.e.r.AbstractInstanceRegistry -Running the evict task with compensationTime 0ms
2020-04-17 17:16:07.429 [Eureka-EvictionTimer] INFO  c.n.e.r.AbstractInstanceRegistry -Running the evict task with compensationTime 0ms
2020-04-17 17:17:07.430 [Eureka-EvictionTimer] INFO  c.n.e.r.AbstractInstanceRegistry -Running the evict task with compensationTime 0ms
2020-04-17 17:18:07.430 [Eureka-EvictionTimer] INFO  c.n.e.r.AbstractInstanceRegistry -Running the evict task with compensationTime 0ms
2020-04-17 17:19:07.431 [Eureka-EvictionTimer] INFO  c.n.e.r.AbstractInstanceRegistry -Running the evict task with compensationTime 0ms
2020-04-17 17:20:07.431 [Eureka-EvictionTimer] INFO  c.n.e.r.AbstractInstanceRegistry -Running the evict task with compensationTime 0ms
2020-04-17 17:21:07.432 [Eureka-EvictionTimer] INFO  c.n.e.r.AbstractInstanceRegistry -Running the evict task with compensationTime 0ms
2020-04-17 17:22:07.432 [Eureka-EvictionTimer] INFO  c.n.e.r.AbstractInstanceRegistry -Running the evict task with compensationTime 0ms
2020-04-17 17:23:03.219 [Eureka-PeerNodesUpdater] WARN  c.n.eureka.cluster.PeerEurekaNodes -The replica size seems to be empty. Check the route 53 DNS Registry
2020-04-17 17:23:07.433 [Eureka-EvictionTimer] INFO  c.n.e.r.AbstractInstanceRegistry -Running the evict task with compensationTime 0ms
2020-04-17 17:24:07.433 [Eureka-EvictionTimer] INFO  c.n.e.r.AbstractInstanceRegistry -Running the evict task with compensationTime 0ms
2020-04-17 17:25:07.433 [Eureka-EvictionTimer] INFO  c.n.e.r.AbstractInstanceRegistry -Running the evict task with compensationTime 0ms
2020-04-17 17:26:07.434 [Eureka-EvictionTimer] INFO  c.n.e.r.AbstractInstanceRegistry -Running the evict task with compensationTime 0ms
2020-04-17 17:27:07.434 [Eureka-EvictionTimer] INFO  c.n.e.r.AbstractInstanceRegistry -Running the evict task with compensationTime 0ms
2020-04-17 17:28:03.112 [ReplicaAwareInstanceRegistry - RenewalThresholdUpdater] INFO  c.n.e.r.PeerAwareInstanceRegistryImpl -Current renewal threshold is : 8
2020-04-17 17:28:07.434 [Eureka-EvictionTimer] INFO  c.n.e.r.AbstractInstanceRegistry -Running the evict task with compensationTime 0ms
2020-04-17 17:29:07.434 [Eureka-EvictionTimer] INFO  c.n.e.r.AbstractInstanceRegistry -Running the evict task with compensationTime 0ms
2020-04-17 17:30:07.435 [Eureka-EvictionTimer] INFO  c.n.e.r.AbstractInstanceRegistry -Running the evict task with compensationTime 0ms
2020-04-17 17:31:07.481 [Eureka-EvictionTimer] INFO  c.n.e.r.AbstractInstanceRegistry -Running the evict task with compensationTime 46ms
2020-04-17 17:32:07.482 [Eureka-EvictionTimer] INFO  c.n.e.r.AbstractInstanceRegistry -Running the evict task with compensationTime 0ms
2020-04-17 17:33:03.224 [Eureka-PeerNodesUpdater] WARN  c.n.eureka.cluster.PeerEurekaNodes -The replica size seems to be empty. Check the route 53 DNS Registry
2020-04-17 17:33:07.482 [Eureka-EvictionTimer] INFO  c.n.e.r.AbstractInstanceRegistry -Running the evict task with compensationTime 0ms
2020-04-17 17:34:07.482 [Eureka-EvictionTimer] INFO  c.n.e.r.AbstractInstanceRegistry -Running the evict task with compensationTime 0ms
2020-04-17 17:35:07.483 [Eureka-EvictionTimer] INFO  c.n.e.r.AbstractInstanceRegistry -Running the evict task with compensationTime 0ms
2020-04-17 17:36:07.485 [Eureka-EvictionTimer] INFO  c.n.e.r.AbstractInstanceRegistry -Running the evict task with compensationTime 1ms
2020-04-17 17:37:07.486 [Eureka-EvictionTimer] INFO  c.n.e.r.AbstractInstanceRegistry -Running the evict task with compensationTime 1ms
